###############################################################################
#
# IAR C/C++ Compiler V6.10.2.50871/W32 for MSP430         21/Oct/2014  19:48:13
# Copyright 1996-2014 IAR Systems AB.
# Standalone license - IAR Embedded Workbench for Texas Instruments MSP430, 8K KickStart Edition 6.10
#
#    __rt_version  =  3
#    __double_size =  32
#    __reg_r4      =  free
#    __reg_r5      =  free
#    __pic         =  no
#    __core        =  430X
#    __data_model  =  small
#    __code_model  =  large
#    Source file   =  
#        E:\Fall 14\ECE 306\WORKSPACE\SCHOOLPROJECT\PROJECT 05\clocks.c
#    Command line  =  
#        "E:\Fall 14\ECE 306\WORKSPACE\SCHOOLPROJECT\PROJECT 05\clocks.c" -lC
#        "E:\Fall 14\ECE 306\WORKSPACE\SCHOOLPROJECT\PROJECT 05\Debug\List\" -o
#        "E:\Fall 14\ECE 306\WORKSPACE\SCHOOLPROJECT\PROJECT 05\Debug\Obj\"
#        --no_cse --no_unroll --no_inline --no_code_motion --no_tbaa --debug
#        -D__MSP430FR5739__ -e --double=32 --dlib_config "C:\Program Files
#        (x86)\IAR Systems\Embedded Workbench 7.0\430\lib\dlib\dl430xlsfn.h"
#        --core=430X --data_model=small -Ol --multiplier=32
#        --multiplier_location=4C0 --hw_workaround=CPU40 --hw_workaround=CPU39
#        --code_model=large
#    List file     =  
#        E:\Fall 14\ECE 306\WORKSPACE\SCHOOLPROJECT\PROJECT
#        05\Debug\List\clocks.lst
#    Object file   =  
#        E:\Fall 14\ECE 306\WORKSPACE\SCHOOLPROJECT\PROJECT
#        05\Debug\Obj\clocks.r43
#
###############################################################################

E:\Fall 14\ECE 306\WORKSPACE\SCHOOLPROJECT\PROJECT 05\clocks.c
      1          //------------------------------------------------------------------------------
      2          // File Name : clocks.c
      3          // 
      4          // Description: This file contains the Clock Initialization 
      5          //
      6          //  Jim Carlson
      7          //  Aug 2014
      8          //  Built with IAR Embedded Workbench Version: V4.10A/W32 (5.40.1)
      9          //------------------------------------------------------------------------------
     10          
     11          #include  "msp430.h"
     12          #include  "functions.h"
     13          #include  "macros.h"

  #define Z                    (0x04) // Port 3 Pin 2 offset
          ^
"E:\Fall 14\ECE 306\WORKSPACE\SCHOOLPROJECT\PROJECT 05\macros.h",58  Warning[Pe047]: 
          incompatible redefinition of macro "Z" (declared at line 149 of
          "C:\Program Files (x86)\IAR Systems\Embedded Workbench
          7.0\430\inc\msp430fr5739.h")
     14          
     15          
     16          
     17          


 

 


Errors: none
Warnings: 1
