###############################################################################
#
# IAR C/C++ Compiler V6.10.2.50871/W32 for MSP430         12/Sep/2014  00:28:15
# Copyright 1996-2014 IAR Systems AB.
# Standalone license - IAR Embedded Workbench for Texas Instruments MSP430, 8K KickStart Edition 6.10
#
#    __rt_version  =  3
#    __double_size =  32
#    __reg_r4      =  free
#    __reg_r5      =  free
#    __pic         =  no
#    __core        =  430X
#    __data_model  =  small
#    __code_model  =  large
#    Source file   =  
#        \\VBOXSVR\ncsu\Fall 14\ECE
#        306\Workspace\SchoolProject\Homework_03\clocks.c
#    Command line  =  
#        "\\VBOXSVR\ncsu\Fall 14\ECE
#        306\Workspace\SchoolProject\Homework_03\clocks.c" -lC
#        "\\VBOXSVR\ncsu\Fall 14\ECE
#        306\Workspace\SchoolProject\Homework_03\Debug\List\" -o
#        "\\VBOXSVR\ncsu\Fall 14\ECE
#        306\Workspace\SchoolProject\Homework_03\Debug\Obj\" --no_cse
#        --no_unroll --no_inline --no_code_motion --no_tbaa --debug
#        -D__MSP430FR5739__ -e --double=32 --dlib_config "C:\Program Files
#        (x86)\IAR Systems\Embedded Workbench 7.0\430\lib\dlib\dl430xlsfn.h"
#        --core=430X --data_model=small -Ol --multiplier=32
#        --multiplier_location=4C0 --hw_workaround=CPU40 --hw_workaround=CPU39
#        --code_model=large
#    List file     =  
#        \\VBOXSVR\ncsu\Fall 14\ECE
#        306\Workspace\SchoolProject\Homework_03\Debug\List\clocks.lst
#    Object file   =  
#        \\VBOXSVR\ncsu\Fall 14\ECE
#        306\Workspace\SchoolProject\Homework_03\Debug\Obj\clocks.r43
#
###############################################################################

\\VBOXSVR\ncsu\Fall 14\ECE 306\Workspace\SchoolProject\Homework_03\clocks.c
      1          //------------------------------------------------------------------------------
      2          //  Description: This file contains the Clock Initialization 
      3          //
      4          //  Jim Carlson
      5          //  Aug 2014
      6          //  Built with IAR Embedded Workbench Version: V4.10A/W32 (5.40.1)
      7          //------------------------------------------------------------------------------
      8          
      9          #include  "msp430.h"

   \                                 In  segment DATA16_AN, at 0x160
   \   union <unnamed> _A_CSCTL0_L
   \                     _A_CSCTL0_L:
   \   000000                DS8 2

   \                                 In  segment DATA16_AN, at 0x162
   \   union <unnamed> _A_CSCTL1_L
   \                     _A_CSCTL1_L:
   \   000000                DS8 2

   \                                 In  segment DATA16_AN, at 0x164
   \   union <unnamed> _A_CSCTL2_L
   \                     _A_CSCTL2_L:
   \   000000                DS8 2

   \                                 In  segment DATA16_AN, at 0x166
   \   union <unnamed> _A_CSCTL3_L
   \                     _A_CSCTL3_L:
   \   000000                DS8 2

   \                                 In  segment DATA16_AN, at 0x15c
   \   union <unnamed> _A_WDTCTL_L
   \                     _A_WDTCTL_L:
   \   000000                DS8 2
     10          #include  "functions.h"
     11          #include  "macros.h"

  #define Z                    (0x04) // Port 3 Pin 2 offset
          ^
"\\VBOXSVR\ncsu\Fall 14\ECE 306\Workspace\SchoolProject\Homework_03\macros.h",41  Warning[Pe047]: 
          incompatible redefinition of macro "Z" (declared at line 149 of
          "C:\Program Files (x86)\IAR Systems\Embedded Workbench
          7.0\430\inc\msp430fr5739.h")
     12          
     13          

   \                                 In  segment CODE, align 2
     14          void Init_Clocks(void){
   \                     Init_Clocks:
     15          //------------------------------------------------------------------------------
     16          // Clock Configurtaions
     17          // This is the clock initialization for the program.
     18          //
     19          // Initial clock configuration, runs immediately after boot.
     20          // Disables 1ms watchdog timer, 
     21          //      configure MCLK to 8MHz
     22          //      configure SMCLK to 8MHz.  
     23          // Since the X1 oscillator is not currently connected, 
     24          // X1CLK is an unknown speed (probably ~10kHz).
     25          //------------------------------------------------------------------------------
     26            WDTCTL = WDTPW | WDTHOLD;            // Disable watchdog
   \   000000   B240805A5C01 MOV.W   #0x5a80, &0x15c
     27          // Clocks:
     28            CSCTL0 = CSKEY;                      // Unlock register
   \   000006   B24000A56001 MOV.W   #0xa500, &0x160
     29            CSCTL1 |= DCOFSEL0 + DCOFSEL1;       // Set max. DCO setting [8MHz]
   \   00000C   B2D006006201 BIS.W   #0x6, &0x162
     30            CSCTL2 = SELA_1 + SELS_3 + SELM_3;   // set ACLK = vlo; SMCLK = DCO; MCLK = DCO
   \   000012   B24033016401 MOV.W   #0x133, &0x164
     31            CSCTL3 = DIVA_0 + DIVS_0 + DIVM_0;   // set all dividers /1
   \   000018   82436601     MOV.W   #0x0, &0x166
     32            CSCTL0_H = CSLOCK;                   // Lock registers
   \   00001C   D2436101     MOV.B   #0x1, &0x161
     33          //------------------------------------------------------------------------------
     34          }
   \   000020   1001         RETA
   \   000022                REQUIRE _A_WDTCTL_L
   \   000022                REQUIRE _A_CSCTL0_L
   \   000022                REQUIRE _A_CSCTL1_L
   \   000022                REQUIRE _A_CSCTL2_L
   \   000022                REQUIRE _A_CSCTL3_L
     35          

   Maximum stack usage in bytes:

   CSTACK Function
   ------ --------
      4   Init_Clocks


   Segment part sizes:

   Bytes  Function/Label
   -----  --------------
      34  Init_Clocks
       2  _A_CSCTL0_L
       2  _A_CSCTL1_L
       2  _A_CSCTL2_L
       2  _A_CSCTL3_L
       2  _A_WDTCTL_L

 
 34 bytes in segment CODE
 10 bytes in segment DATA16_AN
 
 34 bytes of CODE memory
  0 bytes of DATA memory (+ 10 bytes shared)

Errors: none
Warnings: 1
