###############################################################################
#
# IAR C/C++ Compiler V6.10.2.50871/W32 for MSP430         12/Sep/2014  00:29:14
# Copyright 1996-2014 IAR Systems AB.
# Standalone license - IAR Embedded Workbench for Texas Instruments MSP430, 8K KickStart Edition 6.10
#
#    __rt_version  =  3
#    __double_size =  32
#    __reg_r4      =  free
#    __reg_r5      =  free
#    __pic         =  no
#    __core        =  430X
#    __data_model  =  small
#    __code_model  =  large
#    Source file   =  
#        \\VBOXSVR\ncsu\Fall 14\ECE
#        306\Workspace\SchoolProject\Homework_03\init.c
#    Command line  =  
#        "\\VBOXSVR\ncsu\Fall 14\ECE
#        306\Workspace\SchoolProject\Homework_03\init.c" -lC
#        "\\VBOXSVR\ncsu\Fall 14\ECE
#        306\Workspace\SchoolProject\Homework_03\Debug\List\" -o
#        "\\VBOXSVR\ncsu\Fall 14\ECE
#        306\Workspace\SchoolProject\Homework_03\Debug\Obj\" --no_cse
#        --no_unroll --no_inline --no_code_motion --no_tbaa --debug
#        -D__MSP430FR5739__ -e --double=32 --dlib_config "C:\Program Files
#        (x86)\IAR Systems\Embedded Workbench 7.0\430\lib\dlib\dl430xlsfn.h"
#        --core=430X --data_model=small -Ol --multiplier=32
#        --multiplier_location=4C0 --hw_workaround=CPU40 --hw_workaround=CPU39
#        --code_model=large
#    List file     =  
#        \\VBOXSVR\ncsu\Fall 14\ECE
#        306\Workspace\SchoolProject\Homework_03\Debug\List\init.lst
#    Object file   =  
#        \\VBOXSVR\ncsu\Fall 14\ECE
#        306\Workspace\SchoolProject\Homework_03\Debug\Obj\init.r43
#
###############################################################################

\\VBOXSVR\ncsu\Fall 14\ECE 306\Workspace\SchoolProject\Homework_03\init.c
      1          #include "macros.h"
      2          #include "functions.h"
      3          #include "msp430.h"

   \                                 In  segment DATA16_AN, at 0x222
   \   union <unnamed> _A_PBOUT_L
   \                     _A_PBOUT_L:
   \   000000                DS8 2

   \                                 In  segment DATA16_AN, at 0x322
   \   union <unnamed> _A_PJOUT_L
   \                     _A_PJOUT_L:
   \   000000                DS8 2
      4          
      5          extern volatile unsigned int Time_Sequence;
      6          
      7          

   \                                 In  segment CODE, align 2
      8          void Init_Ports(void){ //This calls the rest of the initialization functions
   \                     Init_Ports:
      9            Init_Port1();
   \   000000   ........     CALLA   #Init_Port1
     10            Init_Port2();
   \   000004   ........     CALLA   #Init_Port2
     11            Init_Port3(' ');
   \   000008   7C402000     MOV.B   #0x20, R12
   \   00000C   ........     CALLA   #Init_Port3
     12            Init_Port4();
   \   000010   ........     CALLA   #Init_Port4
     13            Init_PortJ();
   \   000014   ........     BRA     #Init_PortJ
     14          }
     15          

   \                                 In  segment CODE, align 2
     16          void Init_Conditions(void){
   \                     Init_Conditions:
     17          //------------------------------------------------------------------------------
     18          // Initializations Configurations
     19          //------------------------------------------------------------------------------
     20          // Interrupts are disabled by default, enable them. 
     21            enable_interrupts();
   \   000000   ........     BRA     #enable_interrupts
     22          
     23          //------------------------------------------------------------------------------
     24          }
     25          

   \                                 In  segment CODE, align 2
     26          void Init_Timers(void){
   \                     Init_Timers:
     27            Time_Sequence = 0;                        
   \   000000   8243....     MOV.W   #0x0, &Time_Sequence
     28          // 
     29          //******************************************************************************
     30          //------------------------------------------------------------------------------
     31          // Timer Configurations
     32          //------------------------------------------------------------------------------
     33          //  Init_Timer_A0(); //
     34          //  Init_Timer_A1(); // 
     35          //  Init_Timer_B0(); // 
     36          //  Init_Timer_B1(); //  
     37            Init_Timer_B2();   //  Required for provided compiled code to work
   \   000004   ........     BRA     #Init_Timer_B2
     38          //------------------------------------------------------------------------------
     39          //******************************************************************************
     40          }
     41          

   \                                 In  segment CODE, align 2
     42          void Init_LEDs(void){
   \                     Init_LEDs:
     43          //------------------------------------------------------------------------------
     44          // LED Configurations
     45          //------------------------------------------------------------------------------
     46          // Turns on all 8 LEDs
     47            PJOUT &= ~LED1;
   \   000000   92C32203     BIC.W   #0x1, &0x322
     48            PJOUT &= ~LED2;
   \   000004   A2C32203     BIC.W   #0x2, &0x322
     49            PJOUT &= ~LED3;
   \   000008   A2C22203     BIC.W   #0x4, &0x322
     50            PJOUT &= ~LED4;
   \   00000C   B2C22203     BIC.W   #0x8, &0x322
     51            P3OUT &= ~LED5;
   \   000010   F2C010002202 BIC.B   #0x10, &0x222
     52            P3OUT &= ~LED6;
   \   000016   F2C020002202 BIC.B   #0x20, &0x222
     53            P3OUT &= ~LED7;
   \   00001C   F2C040002202 BIC.B   #0x40, &0x222
     54            P3OUT &= ~LED8;
   \   000022   F2C080002202 BIC.B   #0x80, &0x222
     55          //------------------------------------------------------------------------------
     56          }
   \   000028   1001         RETA
   \   00002A                REQUIRE _A_PJOUT_L
   \   00002A                REQUIRE _A_PBOUT_L

   Maximum stack usage in bytes:

   CSTACK Function
   ------ --------
      4   Init_Conditions
        4   -> enable_interrupts
      4   Init_LEDs
      4   Init_Ports
        4   -> Init_Port1
        4   -> Init_Port2
        4   -> Init_Port3
        4   -> Init_Port4
        4   -> Init_PortJ
      4   Init_Timers
        4   -> Init_Timer_B2


   Segment part sizes:

   Bytes  Function/Label
   -----  --------------
       4  Init_Conditions
      42  Init_LEDs
      24  Init_Ports
       8  Init_Timers
       2  _A_PBOUT_L
       2  _A_PJOUT_L

 
 78 bytes in segment CODE
  4 bytes in segment DATA16_AN
 
 78 bytes of CODE memory
  0 bytes of DATA memory (+ 4 bytes shared)

Errors: none
Warnings: none
