###############################################################################
#
# IAR C/C++ Compiler V6.10.2.50871/W32 for MSP430         12/Sep/2014  00:28:15
# Copyright 1996-2014 IAR Systems AB.
# Standalone license - IAR Embedded Workbench for Texas Instruments MSP430, 8K KickStart Edition 6.10
#
#    __rt_version  =  3
#    __double_size =  32
#    __reg_r4      =  free
#    __reg_r5      =  free
#    __pic         =  no
#    __core        =  430X
#    __data_model  =  small
#    __code_model  =  large
#    Source file   =  
#        \\VBOXSVR\ncsu\Fall 14\ECE
#        306\Workspace\SchoolProject\Homework_03\LED.c
#    Command line  =  
#        "\\VBOXSVR\ncsu\Fall 14\ECE
#        306\Workspace\SchoolProject\Homework_03\LED.c" -lC
#        "\\VBOXSVR\ncsu\Fall 14\ECE
#        306\Workspace\SchoolProject\Homework_03\Debug\List\" -o
#        "\\VBOXSVR\ncsu\Fall 14\ECE
#        306\Workspace\SchoolProject\Homework_03\Debug\Obj\" --no_cse
#        --no_unroll --no_inline --no_code_motion --no_tbaa --debug
#        -D__MSP430FR5739__ -e --double=32 --dlib_config "C:\Program Files
#        (x86)\IAR Systems\Embedded Workbench 7.0\430\lib\dlib\dl430xlsfn.h"
#        --core=430X --data_model=small -Ol --multiplier=32
#        --multiplier_location=4C0 --hw_workaround=CPU40 --hw_workaround=CPU39
#        --code_model=large
#    List file     =  
#        \\VBOXSVR\ncsu\Fall 14\ECE
#        306\Workspace\SchoolProject\Homework_03\Debug\List\LED.lst
#    Object file   =  
#        \\VBOXSVR\ncsu\Fall 14\ECE
#        306\Workspace\SchoolProject\Homework_03\Debug\Obj\LED.r43
#
###############################################################################

\\VBOXSVR\ncsu\Fall 14\ECE 306\Workspace\SchoolProject\Homework_03\LED.c
      1          #include "macros.h"


 

 


Errors: none
Warnings: none
