###############################################################################
#
# IAR C/C++ Compiler V6.10.2.50871/W32 for MSP430         29/Sep/2014  19:16:01
# Copyright 1996-2014 IAR Systems AB.
# Standalone license - IAR Embedded Workbench for Texas Instruments MSP430, 8K KickStart Edition 6.10
#
#    __rt_version  =  3
#    __double_size =  32
#    __reg_r4      =  free
#    __reg_r5      =  free
#    __pic         =  no
#    __core        =  430X
#    __data_model  =  small
#    __code_model  =  large
#    Source file   =  
#        \\VBOXSVR\ncsu\Fall 14\ECE 306\Workspace\SchoolProject\Project
#        03\clocks.c
#    Command line  =  
#        "\\VBOXSVR\ncsu\Fall 14\ECE 306\Workspace\SchoolProject\Project
#        03\clocks.c" -lC "\\VBOXSVR\ncsu\Fall 14\ECE
#        306\Workspace\SchoolProject\Project 03\Debug\List\" -o
#        "\\VBOXSVR\ncsu\Fall 14\ECE 306\Workspace\SchoolProject\Project
#        03\Debug\Obj\" --no_cse --no_unroll --no_inline --no_code_motion
#        --no_tbaa --debug -D__MSP430FR5739__ -e --double=32 --dlib_config
#        "C:\Program Files (x86)\IAR Systems\Embedded Workbench
#        7.0\430\lib\dlib\dl430xlsfn.h" --core=430X --data_model=small -Ol
#        --multiplier=32 --multiplier_location=4C0 --hw_workaround=CPU40
#        --hw_workaround=CPU39 --code_model=large
#    List file     =  
#        \\VBOXSVR\ncsu\Fall 14\ECE 306\Workspace\SchoolProject\Project
#        03\Debug\List\clocks.lst
#    Object file   =  
#        \\VBOXSVR\ncsu\Fall 14\ECE 306\Workspace\SchoolProject\Project
#        03\Debug\Obj\clocks.r43
#
###############################################################################

\\VBOXSVR\ncsu\Fall 14\ECE 306\Workspace\SchoolProject\Project 03\clocks.c
      1          //------------------------------------------------------------------------------
      2          // File Name : clocks.c
      3          // 
      4          // Description: This file contains the Clock Initialization 
      5          //
      6          //  Jim Carlson
      7          //  Aug 2014
      8          //  Built with IAR Embedded Workbench Version: V4.10A/W32 (5.40.1)
      9          //------------------------------------------------------------------------------
     10          
     11          #include  "msp430.h"

   \                                 In  segment DATA16_AN, at 0x160
   \   union <unnamed> _A_CSCTL0_L
   \                     _A_CSCTL0_L:
   \   000000                DS8 2

   \                                 In  segment DATA16_AN, at 0x162
   \   union <unnamed> _A_CSCTL1_L
   \                     _A_CSCTL1_L:
   \   000000                DS8 2

   \                                 In  segment DATA16_AN, at 0x164
   \   union <unnamed> _A_CSCTL2_L
   \                     _A_CSCTL2_L:
   \   000000                DS8 2

   \                                 In  segment DATA16_AN, at 0x166
   \   union <unnamed> _A_CSCTL3_L
   \                     _A_CSCTL3_L:
   \   000000                DS8 2

   \                                 In  segment DATA16_AN, at 0x15c
   \   union <unnamed> _A_WDTCTL_L
   \                     _A_WDTCTL_L:
   \   000000                DS8 2
     12          #include  "functions.h"
     13          #include  "macros.h"

  #define Z                    (0x04) // Port 3 Pin 2 offset
          ^
"\\VBOXSVR\ncsu\Fall 14\ECE 306\Workspace\SchoolProject\Project 03\macros.h",55  Warning[Pe047]: 
          incompatible redefinition of macro "Z" (declared at line 149 of
          "C:\Program Files (x86)\IAR Systems\Embedded Workbench
          7.0\430\inc\msp430fr5739.h")

  #define FIGURE_8			(0x0E)
          ^
"\\VBOXSVR\ncsu\Fall 14\ECE 306\Workspace\SchoolProject\Project 03\macros.h",91  Warning[Pe047]: 
          incompatible redefinition of macro "FIGURE_8" (declared at line 76)
     14          
     15          

   \                                 In  segment CODE, align 2
     16          void Init_Clocks(void){
   \                     Init_Clocks:
     17          //------------------------------------------------------------------------------
     18          // Clock Configurtaions
     19          // This is the clock initialization for the program.
     20          //
     21          // Initial clock configuration, runs immediately after boot.
     22          // Disables 1ms watchdog timer, 
     23          //      configure MCLK to 8MHz
     24          //      configure SMCLK to 8MHz.  
     25          // Since the X1 oscillator is not currently connected, 
     26          // X1CLK is an unknown speed (probably ~10kHz).
     27          //------------------------------------------------------------------------------
     28            WDTCTL = WDTPW | WDTHOLD;            // Disable watchdog
   \   000000   B240805A5C01 MOV.W   #0x5a80, &0x15c
     29          // Clocks:
     30            CSCTL0 = CSKEY;                      // Unlock register
   \   000006   B24000A56001 MOV.W   #0xa500, &0x160
     31            CSCTL1 |= DCOFSEL0 + DCOFSEL1;       // Set max. DCO setting [8MHz]
   \   00000C   B2D006006201 BIS.W   #0x6, &0x162
     32            CSCTL2 = SELA_1 + SELS_3 + SELM_3;   // set ACLK = vlo; SMCLK = DCO; MCLK = DCO
   \   000012   B24033016401 MOV.W   #0x133, &0x164
     33            CSCTL3 = DIVA_0 + DIVS_0 + DIVM_0;   // set all dividers /1
   \   000018   82436601     MOV.W   #0x0, &0x166
     34            CSCTL0_H = CSLOCK;                   // Lock registers
   \   00001C   D2436101     MOV.B   #0x1, &0x161
     35          //------------------------------------------------------------------------------
     36          }
   \   000020   1001         RETA
   \   000022                REQUIRE _A_WDTCTL_L
   \   000022                REQUIRE _A_CSCTL0_L
   \   000022                REQUIRE _A_CSCTL1_L
   \   000022                REQUIRE _A_CSCTL2_L
   \   000022                REQUIRE _A_CSCTL3_L
     37          

   Maximum stack usage in bytes:

   CSTACK Function
   ------ --------
      4   Init_Clocks


   Segment part sizes:

   Bytes  Function/Label
   -----  --------------
      34  Init_Clocks
       2  _A_CSCTL0_L
       2  _A_CSCTL1_L
       2  _A_CSCTL2_L
       2  _A_CSCTL3_L
       2  _A_WDTCTL_L

 
 34 bytes in segment CODE
 10 bytes in segment DATA16_AN
 
 34 bytes of CODE memory
  0 bytes of DATA memory (+ 10 bytes shared)

Errors: none
Warnings: 2
